<?xml version="1.0" encoding="UTF-8"?>
<!-- Generated by org.testng.reporters.JUnitXMLReporter -->
<testsuite ignored="0" hostname="Shilpa" failures="1" tests="1" name="MobileTest" time="87.338" errors="0" timestamp="2025-11-19T08:11:44 IST">
  <testcase classname="com.sporty.tests.TwitchMobileTest" name="searchAndOpenStreamer_mobile" time="83.657">
    <failure type="java.lang.RuntimeException" message="Search icon not found on mobile UI">
      <![CDATA[java.lang.RuntimeException: Search icon not found on mobile UI
at com.sporty.framework.pages.TwitchHomePage.clickSearchIcon(TwitchHomePage.java:103)
at com.sporty.tests.TwitchMobileTest.searchAndOpenStreamer_mobile(TwitchMobileTest.java:29)
at java.base/java.util.ArrayList.forEach(ArrayList.java:1511)
... Removed 27 stack frames]]>
    </failure>
  </testcase> <!-- searchAndOpenStreamer_mobile -->
</testsuite> <!-- MobileTest -->
